gpg-pubkey-18b8e74c-62f2920f 1660064271 0 (none) installed
libgcc-13.2.1-6.fc39.x86_64 1701798284 235772 fb6aceb380ec227f9d7c74368e423aa3 installed
crypto-policies-20231204-1.git1e3a2e4.fc39.noarch 1701715169 152853 896fed4478b9caea4438a598135dbfcf installed
fedora-release-identity-basic-39-34.noarch 1701098642 666 7c5f1ce4f74fd5825134208ed5e5abbf installed
fedora-gpg-keys-39-1.noarch 1696876151 126182 3c9b23ba233bff51aa862567dd632b02 installed
fedora-repos-39-1.noarch 1696876151 4597 be664cee2249d87a1c8badb8cb99a97d installed
fedora-release-common-39-34.noarch 1701098642 19392 d2cc523ab4fb71a10969af7b27297e75 installed
fedora-release-39-34.noarch 1701098642 0 5781a971dcd7fee577b09d0d69c2ec1d installed
setup-2.14.4-1.fc39.noarch 1690369653 737593 332dce68aa9aa7ec58a5474b111ac384 installed
filesystem-3.18-6.fc39.x86_64 1689953784 106 ba9c51bfdb7ee7e5ad9fd8f3630dba2b installed
basesystem-11-18.fc39.noarch 1689777092 0 95d4cd3f3b3532e96b52a4501350e742 installed
rust-srpm-macros-25.2-2.fc39.noarch 1697151162 5190 fd4a5d684f2efaa89e5cb23804c778e6 installed
qt6-srpm-macros-6.6.0-1.fc39.noarch 1697459790 456 cbdff1b667f737dd448459a316f6d218 installed
qt5-srpm-macros-5.15.12-1.fc39.noarch 1704364663 492 d30dcc6329af28141edaf67a7c3023d6 installed
publicsuffix-list-dafsa-20240107-1.fc39.noarch 1705252301 69171 e57a1ad24aabb1547cac5c3098fc4dcd installed
libssh-config-0.10.6-2.fc39.noarch 1703328322 277 83c0010736f0d9fef339b141eb266bb7 installed
coreutils-common-9.3-5.fc39.x86_64 1705589290 11967021 696a2650ba06f41d8fb9b739f36335c2 installed
pkgconf-m4-1.9.5-2.fc39.noarch 1689918412 14252 e2257c853fc5a0cfad03272dd52edb52 installed
perl-srpm-macros-1-51.fc39.noarch 1689912123 861 be9086d518dbaa39614222cadd17df91 installed
pcre2-syntax-10.42-1.fc39.2.noarch 1689880856 240727 9da10d84d2b59cc2e5790688b59020a5 installed
package-notes-srpm-macros-0.5-9.fc39.noarch 1689878457 1631 2414c25964b8433024e4221741da26d3 installed
openblas-srpm-macros-2-14.fc39.noarch 1689876534 104 e9bc8ee3203553acff4d847233964399 installed
ocaml-srpm-macros-8-2.fc39.noarch 1689874714 19602 1977da7fe86c0a7ea2b188e9c30acf83 installed
ncurses-base-6.4-7.20230520.fc39.noarch 1692690929 332068 012d9e64460337bedce1528ae315bebc installed
ncurses-libs-6.4-7.20230520.fc39.x86_64 1692690982 1026359 57c14f0763df5c1be1f74f5d37a906e2 installed
bash-5.2.26-1.fc39.x86_64 1705932749 8575357 81201dbe29d5276bb1ec3ecca60bc556 installed
glibc-common-2.38-16.fc39.x86_64 1706646076 1055737 c80e4118bc4269062632f64114056030 installed
glibc-gconv-extra-2.38-16.fc39.x86_64 1706646076 8142724 430fe27c3b73559cea2878f1eb7259bf installed
glibc-minimal-langpack-2.38-16.fc39.x86_64 1706646076 0 7bbb03e836131420eadb84a7dc41d12e installed
glibc-2.38-16.fc39.x86_64 1706646076 6961731 4cd97589d43b510cac09888a048bcd20 installed
zlib-1.2.13-4.fc39.x86_64 1690055842 211523 8a97d6b14d019ecf00981f3f52d91209 installed
xz-libs-5.4.4-1.fc39.x86_64 1690992258 214704 d9e5499a8d000f7ea8b05d4ecff2516e installed
bzip2-libs-1.0.8-16.fc39.x86_64 1689859568 82564 c30e692cadec8e2e7544a17a21ffe112 installed
libzstd-1.5.5-4.fc39.x86_64 1690055959 790510 1c0dc5c0163c85c5c532b7637059ee8b installed
elfutils-libelf-0.190-4.fc39.x86_64 1701212626 1031118 178c145519c9c3e5adef5c1ec9bc6be0 installed
popt-1.19-3.fc39.x86_64 1689919991 140058 70f68d35ce7d89188c871f55aba0bca3 installed
libstdc++-13.2.1-6.fc39.x86_64 1701798284 2830733 4a7f3c71599d4f4f2c85afc453b0a535 installed
libuuid-2.39.3-4.fc39.x86_64 1706185013 38301 036614db1e4a245316ac4b730142b7cd installed
libblkid-2.39.3-4.fc39.x86_64 1706185013 246633 fdd6ef3e1a5537b169e5e893fc9f3ff8 installed
gmp-1:6.2.1-5.fc39.x86_64 1689809616 817687 939ca9b0d49f7fa0187f144ec2350bae installed
libattr-2.5.1-8.fc39.x86_64 1689776087 29125 f17cce2dded302967745ded4d7b6ab43 installed
libacl-2.3.1-9.fc39.x86_64 1701444549 40874 98f24a9a62cf287f47acf09231fc7256 installed
libxcrypt-4.4.36-2.fc39.x86_64 1689856957 273181 de4efc9a56ab3cc06d21df974a050e9c installed
libcap-2.48-9.fc39.x86_64 1702570966 180127 74249dd9d653a50231685d8d9a95723a installed
readline-8.2-6.fc39.x86_64 1705934167 504869 68a65e272c05064ecb0e6ac4bde2db5b installed
libeconf-0.5.2-1.fc39.x86_64 1693261711 57262 340e32ca25e50339cf9b77cd353a1ecf installed
lz4-libs-1.9.4-4.fc39.x86_64 1689860537 136491 6d6cfaf8c534026c5bb532a061d2e723 installed
systemd-libs-254.8-2.fc39.x86_64 1705942442 2020408 3a577717f62dd5769fe6cb907376c772 installed
mpfr-4.2.0-3.fc39.x86_64 1689869461 843525 bce2fa1fa87a5d3372fdfbf2d5b19b26 installed
dwz-0.15-3.fc39.x86_64 1689790198 289644 526ae687b9f56e1c0703a2d3fdd1a030 installed
unzip-6.0-62.fc39.x86_64 1690046127 404115 16086aee94a2a9e7b23bd4de3501119a installed
file-libs-5.44-5.fc39.x86_64 1689796014 10063681 3da9c77d8c9dae01a58b81a3702142ae installed
file-5.44-5.fc39.x86_64 1689796014 105250 12338c713bda80846e1eebc74bf9bab8 installed
jansson-2.13.1-7.fc39.x86_64 1689840058 86276 621317d32f6f568d2dd1f7bfe89f6d2a installed
libcap-ng-0.8.3-8.fc39.x86_64 1693843074 78220 98745d53f40feedc4e5109450d660cdd installed
audit-libs-3.1.2-8.fc39.x86_64 1706124199 314481 8809afff5d41e04cf3e1b222c5418d13 installed
pam-libs-1.5.3-3.fc39.x86_64 1697784292 138959 d8087628231352421bd678fa7f7f2c13 installed
libcom_err-1.47.0-2.fc39.x86_64 1689790400 68729 79dedab724ed48e11bf2b7c9dfd04c67 installed
libsepol-3.5-2.fc39.x86_64 1689855221 780027 041fbf12d97384ef31fef0b1a837c361 installed
libtasn1-4.19.0-3.fc39.x86_64 1689855851 179836 207518e71928bc1ab4e6635358a5999c installed
libunistring-1.1-5.fc39.x86_64 1692599790 1825077 07986818a5c810313d38927f44b70001 installed
libidn2-2.3.7-1.fc39.x86_64 1706394288 336882 7935d7f607e495a36401f54d29d5f907 installed
lua-libs-5.4.6-3.fc39.x86_64 1690898924 295923 260f5218c547318c0954d48408208bf9 installed
pcre2-10.42-1.fc39.2.x86_64 1689880865 648626 364e95f608c98057fc5a0646f863d9d6 installed
libselinux-3.5-5.fc39.x86_64 1689855185 181117 f88dcd0974142dd1a27ee3d6dfe72e3a installed
sed-4.8-14.fc39.x86_64 1689989426 816991 e53cd72db73f9fff689af97233937280 installed
grep-3.11-3.fc39.x86_64 1689831837 1033930 b4ddf695d18538a51d3a243721d70015 installed
findutils-1:4.9.0-5.fc39.x86_64 1689796113 1535988 df04b04430e1d069c17e8e449fbdef27 installed
xz-5.4.4-1.fc39.x86_64 1690992258 2066126 5c1745e1ec7b85b45322a0e9af8bca02 installed
libmount-2.39.3-4.fc39.x86_64 1706185013 364573 55fe4dd5e683136a2d892e5d0d8bc4df installed
alternatives-1.26-1.fc39.x86_64 1705571261 63726 2bacf29e69b96c83e7a29838255f20b0 installed
libsmartcols-2.39.3-4.fc39.x86_64 1706185013 143403 b1cc95831a40aa0a81858859dcd3a5df installed
util-linux-core-2.39.3-4.fc39.x86_64 1706185013 1446195 d8d06048bb3c76123fd961aba376b090 installed
libsemanage-3.5-4.fc39.x86_64 1689855272 303334 b92df8d645c4e493ddb7d8d54e25d3e0 installed
shadow-utils-2:4.14.0-2.fc39.x86_64 1696321808 4194444 e8fc255d8e0ccf797bf2cbacf3ca62fe installed
libutempter-1.2.1-10.fc39.x86_64 1689856488 58945 a20c00144381d20dbc623331e17dfe6e installed
tar-2:1.35-2.fc39.x86_64 1692107989 3105669 31a5a815549a38fe96291a1dceb92e9c installed
libpsl-0.21.2-4.fc39.x86_64 1689854175 82400 61cfc14d24c0bb84da44f77c32ce0866 installed
zip-3.0-39.fc39.x86_64 1695035853 728271 78c3da9578e5365f0e618774cec95283 installed
zstd-1.5.5-4.fc39.x86_64 1690055959 1706429 f7ed43760df65a60c8dec40b5ce739f0 installed
libfdisk-2.39.3-4.fc39.x86_64 1706185013 392043 8405af82a9f5a5fca82834dc322567b2 installed
bzip2-1.0.8-16.fc39.x86_64 1689859568 93685 f568e4ff63286baad7b253b2cdc89ba4 installed
libxml2-2.10.4-3.fc39.x86_64 1689857051 1869808 f24ed0c4feadc07036c9a0ff20eefce3 installed
sqlite-libs-3.42.0-7.fc39.x86_64 1689992975 1432502 caa324fa1bb5fb4c5bf8c0d728a6669f installed
cpio-2.14-4.fc39.x86_64 1689785191 1074402 a5615f0251fc48dd27e2f764beb48789 installed
diffutils-3.10-3.fc39.x86_64 1689788132 1645402 b231c76699f3279ebcc2f517e618c1fb installed
ed-1.19-4.fc39.x86_64 1689790957 143574 3b0e51838bd6fe151398587103c5c44e installed
patch-2.7.6-22.fc39.x86_64 1689880089 260738 b4ec997db1eb243926ef8f39e8d198bb installed
gdbm-libs-1:1.23-4.fc39.x86_64 1689800513 128706 3babdd7ca2b4e9a3cbf99ea04ef8811d installed
cyrus-sasl-lib-2.1.28-11.fc39.x86_64 1689786689 2427322 1808a63b77129493058df6e7471ca828 installed
keyutils-libs-1.6.1-7.fc39.x86_64 1689843334 55569 04701caaf66a2c33efe949dcb315b55d installed
libbrotli-1.1.0-1.fc39.x86_64 1694795190 845138 0e91013509e544477f69cb40569cc021 installed
libdb-5.3.28-56.fc39.x86_64 1689849928 1922814 a9beecba9f9bebb1b11ac693e87d093e installed
libffi-3.4.4-4.fc39.x86_64 1689850697 83464 ea8098af6dd3bf99afe489254953c742 installed
p11-kit-0.25.3-1.fc39.x86_64 1700056703 2512491 657f74677e82d731a8e5ef7af3cf0d85 installed
p11-kit-trust-0.25.3-1.fc39.x86_64 1700056703 471948 36c8d684a33e7478b098607faa7d2654 installed
openssl-libs-1:3.1.1-4.fc39.x86_64 1693497748 8141514 71cf87bc7907482c15101e54b765d2a3 installed
coreutils-9.3-5.fc39.x86_64 1705589290 5862722 984f73447fe740da1db3cdc997c22b85 installed
ca-certificates-2023.2.60_v7.0.306-2.fc39.noarch 1690910374 2356425 1f376df09c040ed1a9f2993e7ba060b9 installed
authselect-libs-1.4.3-1.fc39.x86_64 1695819309 1011291 7e06504463224b9de69467ad81a1aac4 installed
gzip-1.12-6.fc39.x86_64 1690979443 380893 973419b3c94563b50d2941c878a175e0 installed
cracklib-2.9.11-2.fc39.x86_64 1689785661 252507 7bfc00708297a4b095bdae7912d71095 installed
libpwquality-1.4.5-6.fc39.x86_64 1689854199 427434 4ad84849b7044812f0626e8784bf60e6 installed
authselect-1.4.3-1.fc39.x86_64 1695819309 160615 504976c020b12091c81640a8701c10ab installed
libarchive-3.7.1-1.fc39.x86_64 1690802352 945435 a11d7425879d5bdf172a835bbc04c27c installed
libevent-2.1.12-9.fc39.x86_64 1689850605 920770 ed9c4f5b24c4eb7e35fd6f2363594059 installed
openldap-2.6.6-1.fc39.x86_64 1690851618 656871 06f28ae675fcfe1715dfdfe27e6412e2 installed
rpm-sequoia-1.6.0-1.fc39.x86_64 1706285495 2335876 74305c6671eb23c6a00dbd5883dad151 installed
rpm-libs-4.19.1-1.fc39.x86_64 1702393384 767712 46738fbbbf59924e5dd7363591429e4c installed
libpkgconf-1.9.5-2.fc39.x86_64 1689918413 79929 94f799965e35161d003d0584cbb35a01 installed
pkgconf-1.9.5-2.fc39.x86_64 1689918413 85758 3ec5193a5259d06f43e0c1823e0f1e39 installed
pkgconf-pkg-config-1.9.5-2.fc39.x86_64 1689918413 989 095786361fa04ceecda433cf97511380 installed
libsigsegv-2.14-5.fc39.x86_64 1689855387 50313 f3f5d281becaa10d7deae91df2bd164f installed
gawk-5.2.2-2.fc39.x86_64 1689800243 1803769 c1b0f0bb64a41a9af6adc90d93c0434b installed
libverto-0.3.2-6.fc39.x86_64 1689856575 30077 3a9e4a3d9f18f62cf0bce03d7a436d27 installed
krb5-libs-1.21.2-3.fc39.x86_64 1705504031 2485960 bb6a6d5124d1fce0a3cf45a292ee2850 installed
libtirpc-1.3.4-0.rc2.fc39.x86_64 1704487049 207562 3633348a65402e5772df70ecd7f1d03d installed
libnsl2-2.0.0-6.fc39.x86_64 1689853448 59246 0b5410564c8e39d0639d75dae4439d6a installed
pam-1.5.3-3.fc39.x86_64 1697784292 1843320 144bf6495990c6be3536323c9c0b6d96 installed
libssh-0.10.6-2.fc39.x86_64 1703328322 529603 9f6936a84c8d97bb9f4c13f6398b992b installed
xxhash-libs-0.8.2-1.fc39.x86_64 1690056512 90510 f709ce6f554038965c05b6cba86982ad installed
libgomp-13.2.1-6.fc39.x86_64 1701798284 497520 d7bc9fafc88befb9733898bc312420ec installed
libnghttp2-1.55.1-4.fc39.x86_64 1697110809 174804 4aca6ea4914b7e72b15d73eb9ae81ed4 installed
libcurl-8.2.1-4.fc39.x86_64 1701872648 749758 9474b5eb6ba9ff50ce5174d9d26cf39b installed
curl-8.2.1-4.fc39.x86_64 1701872648 774565 92336b3ccd1ebca3d0803924f0e6df93 installed
rpm-4.19.1-1.fc39.x86_64 1702393384 3095226 e9ffcf2807ab28f1f0e90a374e381910 installed
efi-srpm-macros-5-9.fc39.noarch 1689791044 41111 dff10ced2f5b3af81cb2ad6eac3271b2 installed
lua-srpm-macros-1-9.fc39.noarch 1689859429 1314 a7c0e0a70e47b85ac02bce9752c1486e installed
rpmautospec-rpm-macros-0.6.0-2.fc39.noarch 1706350834 707 9515fa9dc7ec5b7a1e5b016a851685a1 installed
elfutils-default-yama-scope-0.190-4.fc39.noarch 1701212626 1810 d108a8750f9d120c7609d47c70db9386 installed
elfutils-libs-0.190-4.fc39.x86_64 1701212626 706573 f30621e7e5eba5fc2be963ae051f6bff installed
elfutils-debuginfod-client-0.190-4.fc39.x86_64 1701212626 62170 3948348114c2fd7cfdc42e0258b17e9d installed
binutils-gold-2.40-14.fc39.x86_64 1706193451 2275587 f4d4fbef8d9c4631b8b0db3d36e186b9 installed
binutils-2.40-14.fc39.x86_64 1706193451 26153422 4573f37bfd93a3110d9faad12a401b26 installed
elfutils-0.190-4.fc39.x86_64 1701212626 2939468 d7b38c9d528d7a31fefd72c1926d148c installed
gdb-minimal-14.1-2.fc39.x86_64 1705259399 14073404 a962d1b19313be48522b2e1bdc746a9c installed
debugedit-5.0-12.fc39.x86_64 1701814847 203608 52deae57e5300b3503165c39fbf94e8c installed
rpm-build-libs-4.19.1-1.fc39.x86_64 1702393384 207160 15a1948db363d78785e9c89d12c796a4 installed
kernel-srpm-macros-1.0-20.fc39.noarch 1689843130 1956 ea7d468df1312c25e8cb6f3bd0e2bec5 installed
gnat-srpm-macros-6-3.fc39.noarch 1689809649 1019 657c73ea2c4e0cb2228791b93659b242 installed
ghc-srpm-macros-1.6.1-2.fc39.noarch 1689806350 369 410f45c267daa6bd1f40f8b6581ba40a installed
fpc-srpm-macros-1.3-8.fc39.noarch 1689797628 144 18ef18e3d62d9a5780c040d00c913932 installed
ansible-srpm-macros-1-11.fc39.noarch 1689773626 36400 34afc43acacf75f51a14b272d4d96c2f installed
fonts-srpm-macros-1:2.0.5-12.fc39.noarch 1689797306 56610 88d8a3bcddc67bbaff53a16a7dd3a6c1 installed
python-srpm-macros-3.12-4.fc39.noarch 1693952437 51297 5c633df4f66eebafee1aa5ec3155c463 installed
go-srpm-macros-3.3.1-1.fc39.noarch 1699294334 62101 c824ac72225c0c0591db0b3465cadc4e installed
pyproject-srpm-macros-1.12.0-1.fc39.noarch 1706263943 1514 ebbef60beea9e2ce2f8640b86631cee6 installed
redhat-rpm-config-262-1.fc39.noarch 1691154566 202121 4cf82f21cafafe5fc83c02d732548372 installed
rpm-build-4.19.1-1.fc39.x86_64 1702393384 185581 4e7756b9bdc2aa5035918096d3e238cb installed
util-linux-2.39.3-4.fc39.x86_64 1706185013 3722914 ba8d432fda23ec44c35f91d013f50e6e installed
which-2.21-40.fc39.x86_64 1690049965 82060 7bbcf65ab4374b90d323d90f1d895c18 installed
info-7.0.3-3.fc39.x86_64 1689997067 378166 c6692b58b4c37baadbaa46eaac9fd7c7 installed
xorg-x11-proto-devel-2023.2-2.fc39.noarch 1690053575 1807271 294e215e49eb56812ad6f75efeb03fed installed
expat-2.5.0-3.fc39.x86_64 1689794042 281117 f9ac7640b417fc2f4c39e646d79b87c9 installed
zlib-devel-1.2.13-4.fc39.x86_64 1690055842 142482 d4fa51f9ae4d79fc68330d666d770da0 installed
xml-common-0.6.3-61.fc39.noarch 1689989818 80280 348e26a2bc99d1d83c9ec6945affb09d installed
libglvnd-1:1.7.0-1.fc39.x86_64 1695282795 800998 f734dd956c42abb168383dfa68000019 installed
libwayland-client-1.22.0-2.fc39.x86_64 1690049300 71704 9a2b9513f8f089e7bcbc59b36ded4d53 installed
libpng-2:1.6.37-15.fc39.x86_64 1689853992 243615 d7b8aa475efeb11efde3615be33e390a installed
libpng-devel-2:1.6.37-15.fc39.x86_64 1689853992 905333 5e6e46d5139b8cd32ca756afe94dd0f4 installed
dbus-libs-1:1.14.10-1.fc39.x86_64 1693766975 381771 166a58dca130143c01fda64288637274 installed
libwayland-server-1.22.0-2.fc39.x86_64 1690049300 92640 36cc129ee7bbb64ba7099d1b9ae2fac9 installed
libseccomp-2.5.3-6.fc39.x86_64 1689855159 175244 61b6cbf76afedf1c907fb757f9a98671 installed
libjpeg-turbo-2.1.4-3.fc39.x86_64 1689852069 668013 d7be4e8ce7b2079ca9999c233478d107 installed
libicu-73.2-2.fc39.x86_64 1689837757 38076895 514edfacbf91164171938df0ff94c76f installed
libepoxy-1.5.10-4.fc39.x86_64 1689850433 1223100 447c6916a547cfb28b59308f3710515e installed
libX11-xcb-1.8.7-1.fc39.x86_64 1696379161 15620 47075d854a2728554f290c03cde8ea26 installed
gettext-libs-0.22-2.fc39.x86_64 1689801333 942740 adbed02a35431d9da39777271624aabc installed
fribidi-1.0.13-2.fc39.x86_64 1689798291 377947 fa46e9b653eb82357d4db0ef1a20abb2 installed
fonts-filesystem-1:2.0.5-12.fc39.noarch 1689797306 0 4f3dcb887673b2ca5408ec8f80f692df installed
cmake-filesystem-3.27.7-1.fc39.x86_64 1696696183 0 6b32c5c4aa0675269ba5f4ccdea1a8bc installed
dbus-devel-1:1.14.10-1.fc39.x86_64 1693766975 133050 6c0ccff30955b844e7bdaacde08678b4 installed
abattis-cantarell-vf-fonts-0.301-10.fc39.noarch 1689771860 196952 37dfbbcfab36aee9e03cc8f11eed4217 installed
fribidi-devel-1.0.13-2.fc39.x86_64 1689798291 79917 6f1e4edecd4930fc8179e1399f6364c5 installed
libwayland-cursor-1.22.0-2.fc39.x86_64 1690049300 37784 06e015516a43f69c841966a7066a7935 installed
xkeyboard-config-2.40-1.fc39.noarch 1697157870 6904663 3f9b0f6d70334a1a4e645413e9cfa1f7 installed
libxkbcommon-1.6.0-1.fc39.x86_64 1696806314 345178 e007a722a4405dc55e0f79f7b7d5584f installed
mesa-libglapi-23.3.4-1.fc39.x86_64 1706533986 222104 acd5961261b470872ea64d2b60b902c2 installed
emacs-filesystem-1:29.2-2.fc39.noarch 1705952431 0 17daa3874c8fa02dfe196ab426e7fe34 installed
pixman-0.42.2-2.fc39.x86_64 1689918321 726991 966aa9f50b9ea08bbd9c3718633cae39 installed
pixman-devel-0.42.2-2.fc39.x86_64 1689918321 50258 8367fd7810d3e7b537d166311b522f71 installed
m4-1.4.19-6.fc39.x86_64 1689860655 598806 740388f8cd496bb09f2c50f47396d538 installed
libxshmfence-1.3-13.fc39.x86_64 1689857136 15632 1b0abb2dbf9f00ae9fbfd5b6b53cd167 installed
libwayland-egl-1.22.0-2.fc39.x86_64 1690049300 16810 9c4bd935f5fc993ac626c1a6e2ee91e8 installed
libmpc-1.3.1-3.fc39.x86_64 1689852929 168508 ba26d000fac8add72b16327e0ce03afc installed
libffi-devel-3.4.4-4.fc39.x86_64 1689850697 34049 6e957c8853430e421af1d9d0d57a97ee installed
libdatrie-0.2.13-7.fc39.x86_64 1689850031 59209 60290e67a7b6fa7d39682119cd6d027a installed
libthai-0.1.29-6.fc39.x86_64 1689855998 798118 d1e3e791b947832a042fa98f3da3eb2d installed
libXau-1.0.11-3.fc39.x86_64 1689848192 68387 974e5d38dd870537a562ea6e975893bc installed
libxcb-1.13.1-12.fc39.x86_64 1689856928 1120502 3a1b31e629c165dd8a8e395b83cee0c5 installed
libICE-1.0.10-11.fc39.x86_64 1689848076 178602 173add61027bb31cfb4f4edcfb527f5b installed
graphite2-1.3.14-12.fc39.x86_64 1689831663 200511 8e770ccc4e09dd4e5cfea30037464228 installed
graphite2-devel-1.3.14-12.fc39.x86_64 1689831663 50229 f667494fe1cdc0c2cac27d28e9c272e5 installed
libICE-devel-1.0.10-11.fc39.x86_64 1689848076 267615 0af706fbbde361eb14f84e9db2d3304b installed
libSM-1.2.3-13.fc39.x86_64 1689848198 94997 0bfa9fdcb836621c8744cb01228f6fe0 installed
libXau-devel-1.0.11-3.fc39.x86_64 1689848192 6536 e5a729fa8df59143c85dcf58b67579f6 installed
libxcb-devel-1.13.1-12.fc39.x86_64 1689856928 2718296 57dff9c20d1ff72a58195c0343bc8584 installed
libdatrie-devel-0.2.13-7.fc39.x86_64 1689850031 567018 19ff4a7b43ac21c3ee2faa820f5160ef installed
libthai-devel-0.1.29-6.fc39.x86_64 1689855998 647286 4ff6d316903d211dc573f1e859d362f5 installed
wayland-devel-1.22.0-2.fc39.x86_64 1690049300 659423 6cc0eda0f44e6e1c48cdfbbff17078f7 installed
cpp-13.2.1-6.fc39.x86_64 1701798284 32401149 7411bdf0d706cfa857c50c7bbdda4513 installed
flex-2.6.4-13.fc39.x86_64 1689796719 927029 be275f4832456e14328b0505f46f73d4 installed
xkeyboard-config-devel-2.40-1.fc39.noarch 1697157870 128 de13357d65a8ce2ed22af2a0faba2d10 installed
libjpeg-turbo-devel-2.1.4-3.fc39.x86_64 1689852069 351449 6d07b067f1790238ebb9bb81f6cd52b9 installed
libicu-devel-73.2-2.fc39.x86_64 1689837757 5777278 f2560d40c450333cb1a2d997ffad468d installed
libseccomp-devel-2.5.3-6.fc39.x86_64 1689855159 115238 58a346bf5623fb15685a830dfbbaaf64 installed
avahi-libs-0.8-24.fc39.x86_64 1689776527 174126 2e87be862c832a8b9280f85d5ee3a7b0 installed
libglvnd-opengl-1:1.7.0-1.fc39.x86_64 1695282795 176946 d060d2b00fa01aff8a5bc2ed3abd0289 installed
iso-codes-4.15.0-2.fc39.noarch 1689839282 19419769 aadf5cb67630312ecac495565244927f installed
iso-codes-devel-4.15.0-2.fc39.noarch 1689839282 214 f3718c7af31aa04b66a220c927e53654 installed
vim-filesystem-2:9.1.031-1.fc39.noarch 1705418914 40 444d92829eda6e04b5d5f7146be1729c installed
tzdata-2023d-1.fc39.noarch 1704318063 1717421 ff39a239c62a2b5e68d6049dce4f6151 installed
systemd-devel-254.8-2.fc39.x86_64 1705942442 534008 3fbfe66c26eaec5558e537614ce1ceff installed
sysprof-capture-devel-45.1-1.fc39.x86_64 1698164796 342684 189ddf7df5b3b2d5ad536dba6a72b6a1 installed
libxslt-1.1.39-1.fc39.x86_64 1700151342 490053 53e37b7fca47edecd2551af5856d549d installed
libblkid-devel-2.39.3-4.fc39.x86_64 1706185013 19721 d84e6ec74d65437d00d253c221bd7e97 installed
kernel-headers-6.6.3-200.fc39.x86_64 1701202267 6352136 259542b4f49a115f980787665b3b833a installed
hwdata-0.378-1.fc39.noarch 1704791327 9434817 a8f7eaa97803ac2c357ad34dd6b9f7d9 installed
libpciaccess-0.16-9.fc39.x86_64 1689853901 49675 091b86f16fafbe94a7ccde3aac71d561 installed
libdrm-2.4.120-1.fc39.x86_64 1705264897 411147 18413ce2c58eb98ff9ba7d0382f0e5f9 installed
mesa-libgbm-23.3.4-1.fc39.x86_64 1706533986 66836 d5c6e5eac861e9959e10779a79998714 installed
libglvnd-egl-1:1.7.0-1.fc39.x86_64 1695282795 74468 70b8289c6df6df1d7664efce6ff3efec installed
mesa-libEGL-23.3.4-1.fc39.x86_64 1706533986 302855 05c042e167fbf857ff60df1b6b31018c installed
libglvnd-gles-1:1.7.0-1.fc39.x86_64 1695282795 120818 ff1d4660e2f97fdf91a66c0ffabf9887 installed
groff-base-1.23.0-3.fc39.x86_64 1699537799 4373488 6b392b1e2ed312a84d1ede91ddcdd0e8 installed
google-noto-fonts-common-20240101-1.fc39.noarch 1706689867 17769 f60e27880da4cfa8e0227b59c4a0d1e0 installed
google-noto-sans-vf-fonts-20240101-1.fc39.noarch 1706689867 1308150 ce542f090be8888d75fddf4004134fb9 installed
default-fonts-core-sans-4.0-9.fc39.noarch 1692882143 12145 ec3c4402cd775daae6b69748ddbdd420 installed
glibc-headers-x86-2.38-16.fc39.noarch 1706646059 2251502 c7d3e6a5c0535d3f23aa26103d18e0cb installed
glibc-devel-2.38-16.fc39.x86_64 1706646076 36168 cddf81b10fe5841b53d917bc13c696ee installed
libxcrypt-devel-4.4.36-2.fc39.x86_64 1689856957 30995 f245bb263d5258ba6f66f77f4b190486 installed
bubblewrap-0.8.0-1.fc39.x86_64 1700842599 130282 48f125bdf9285c9352c2a9530f7df1c4 installed
annobin-docs-12.38-1.fc39.noarch 1706023458 97859 ce22dfc571d13d4ebec2b0fbd2bc7066 installed
xz-devel-5.4.4-1.fc39.x86_64 1690992258 261892 217b66bff798c3affe3088c41f4c911d installed
libxml2-devel-2.10.4-3.fc39.x86_64 1689857051 3580392 fe959f646ca2092e1416c2c027676448 installed
libxkbcommon-devel-1.6.0-1.fc39.x86_64 1696806314 364521 f3e057c655aa4972f4b62eff27f4168a installed
sgml-common-0.6.3-61.fc39.noarch 1689989818 172087 49f87fe3d69dae74faf263fa34aaf92d installed
docbook-dtds-1.0-82.fc39.noarch 1689788859 8665321 54e96908745deca7255da699b52ff02a installed
docbook-style-xsl-1.79.2-19.fc39.noarch 1689788932 16312283 42f6518d4db3070cf8f70cb9709a33db installed
python-pip-wheel-23.2.1-1.fc39.noarch 1691403876 1576914 e4c2f315a350d2c7a063756767d7562a installed
pcre2-utf32-10.42-1.fc39.2.x86_64 1689880865 550960 771403b06a5e1d67064663c92537055e installed
pcre2-utf16-10.42-1.fc39.2.x86_64 1689880865 579704 e3ee58d6ad5401f2f2083daf305dc6a7 installed
pcre2-devel-10.42-1.fc39.2.x86_64 1689880865 1987359 6b8056e7aced32c38b5c7855a0db88f8 installed
nettle-3.9.1-2.fc39.x86_64 1689871334 812935 78d7eeaeb0fc2d1bb7471bb44f2dcb09 installed
gnutls-3.8.3-1.fc39.x86_64 1706091884 3398365 3a76fe98d6fbdab2d6ce321baef1daed installed
glib2-2.78.3-1.fc39.x86_64 1701906948 14195297 8d7a2b96f9917f65143efc0904da67bf installed
json-glib-1.8.0-1.fc39.x86_64 1694896246 574788 058a2bfc2cda88a5f6707ddb4e715595 installed
shared-mime-info-2.2-4.fc39.x86_64 1689990113 5275749 7b27b8c6f3b0f5a4c95b55579673f6c1 installed
gdk-pixbuf2-2.42.10-5.fc39.x86_64 1689954098 2589727 22c131b55540ae5efafb9fc85a6cffa6 installed
gsettings-desktop-schemas-45.0-1.fc39.x86_64 1694894006 5180098 84f86ba257bf352d4353a7a691377523 installed
libuser-0.64-4.fc39.x86_64 1689856487 2038132 b15ffd114d2b96b93ff7c6721f82120b installed
libcloudproviders-0.3.5-1.fc39.x86_64 1699476160 131537 49bae705c1e1b453d1a0fe4cb6d51a08 installed
libcloudproviders-devel-0.3.5-1.fc39.x86_64 1699476160 382979 21b496bd6148cad3e4622590c633eb0d installed
passwd-0.80-15.fc39.x86_64 1689880196 441487 6108f2f66c010ee4e4a05685a2b0d68f installed
gsettings-desktop-schemas-devel-45.0-1.fc39.x86_64 1694894006 29859 ab3409574c37841976fd400db2d44f70 installed
gtk-update-icon-cache-3.24.41-1.fc39.x86_64 1706099224 67830 308c1219c9be11ebfe6190586de3691c installed
libsoup3-3.4.4-1.fc39.x86_64 1698351873 1194462 1c80e759e0b7462d8685858e6bb51344 installed
cups-libs-1:2.4.7-5.fc39.x86_64 1702636888 699126 bc20f5e5587fdb8728fb6f0164c0b4b2 installed
ncurses-6.4-7.20230520.fc39.x86_64 1692690982 630523 63555a8dddf968d387245c78821fde83 installed
perl-Digest-1.20-500.fc39.noarch 1689888113 36062 f863a118fe953c458808d686b14b4b7f installed
perl-Digest-MD5-2.58-500.fc39.x86_64 1689888144 60734 76902708cda04b7c4596d32c48bf529d installed
perl-B-0:1.88-502.fc39.x86_64 1701337670 516405 7d9a58393cda084dec79a5977159463c installed
perl-FileHandle-0:2.05-502.fc39.noarch 1701337663 9568 a653b0826874fc322ec6104ca2ccdfcb installed
perl-Data-Dumper-2.188-501.fc39.x86_64 1689886313 114265 f877279d4d9b1d3d87475f3996ff9891 installed
perl-libnet-3.15-501.fc39.noarch 1689911635 295896 677d7fc47d6f0de0d22abb076a766b03 installed
perl-AutoLoader-0:5.74-502.fc39.noarch 1701337663 21027 2d2301c0c18909f3376f5e7b602c9879 installed
perl-base-0:2.27-502.fc39.noarch 1701337663 12840 4a2e940c2039d4feb488e0e4b41a2f88 installed
perl-URI-5.21-1.fc39.noarch 1692861806 230623 fb7211896880c94fe893df0a4a49c65c installed
perl-Text-Tabs+Wrap-2023.0511-3.fc39.noarch 1689908608 23929 85bf17c35d9920c08ed9ad658bc1b744 installed
perl-Time-Local-2:1.350-3.fc39.noarch 1689908978 70554 b865099dda1f65967735f86dc0ee6df4 installed
perl-Mozilla-CA-20230801-1.fc39.noarch 1691067584 7291 8724ad47f1e86ef0b8fc8f619f4841c5 installed
perl-if-0:0.61.000-502.fc39.noarch 1701337663 5945 6ae7afa81668f8df38666dc6b8fb0ab1 installed
perl-locale-0:1.10-502.fc39.noarch 1701337663 6385 0ae651ce3dfeffa0115363b0394eedf7 installed
perl-IO-Socket-IP-0.42-1.fc39.noarch 1690354371 100992 c9b171747f3887be5b61624260e68836 installed
perl-File-Path-2.18-500.fc39.noarch 1689890113 65001 58633462c782a83d4ed5ba2eee8b3cfd installed
perl-IO-Socket-SSL-2.083-3.fc39.noarch 1689893299 634041 44b2d3d404ba8ef66bd82750d2941523 installed
perl-Net-SSLeay-1.92-10.fc39.x86_64 1691049895 1295085 c1bdfe68c436dd35503489eeb2e6a105 installed
perl-Pod-Escapes-1:1.07-500.fc39.noarch 1689902005 25476 e459d0a5ca7ff88188b7ccef8d078569 installed
perl-Term-ANSIColor-5.01-501.fc39.noarch 1689905390 99820 d153729ed9a1f05c2a562ba821c75a81 installed
perl-Class-Struct-0:0.68-502.fc39.noarch 1701337663 25966 7a18df2d832d0ae9913b03fe94d3ff2e installed
perl-POSIX-0:2.13-502.fc39.x86_64 1701337670 242631 82c62fa6f47ce5d9679894a8582cc76f installed
perl-IPC-Open3-0:1.22-502.fc39.noarch 1701337663 22987 5c80d1f6fe20f361630f7c55e062cf2b installed
perl-File-Temp-1:0.231.100-500.fc39.noarch 1689890307 166173 b1ae6a27e930e2a98d5fe735e184767c installed
perl-HTTP-Tiny-0.088-3.fc39.noarch 1691063032 155788 443fa2e9d89c0b85bc29409b7258a23f installed
perl-Pod-Simple-1:3.45-4.fc39.noarch 1689902134 573274 3debec2fa736f6c4487db6f6c1cf410c installed
perl-Term-Cap-1.18-500.fc39.noarch 1689905469 29958 e937bce5e926751e4f605b401ab9f5da installed
perl-Socket-4:2.037-3.fc39.x86_64 1689903914 130601 b6415ceb43c454db2dc60d17028cfe3d installed
perl-SelectSaver-0:1.02-502.fc39.noarch 1701337663 2217 d00c72134b214cec1e5b224dd7dcc050 installed
perl-Symbol-0:1.09-502.fc39.noarch 1701337663 6973 71d53cd4b807d9f82632fd5f23e887d5 installed
perl-File-stat-0:1.13-502.fc39.noarch 1701337663 12979 6e4d2fdbfc8bb399bd1ed1f9e84e7fbc installed
perl-Pod-Perldoc-3.28.01-501.fc39.noarch 1689902116 166972 b92c148f71204ca8aeb35702bfd7d3a9 installed
perl-podlators-1:5.01-500.fc39.noarch 1689911807 315480 26322ede842623c3670d365f92bae9dc installed
perl-Text-ParseWords-3.31-500.fc39.noarch 1689908234 13839 7127f38cda6ea5877af974ecc1321435 installed
perl-Fcntl-0:1.15-502.fc39.x86_64 1701337670 29237 87c6a74b394f59b7eddae3cbc7825f5a installed
perl-mro-0:1.28-502.fc39.x86_64 1701337670 42537 5b131fd28b1fb5d5d90c9fac6a3e387b installed
perl-IO-0:1.52-502.fc39.x86_64 1701337670 154536 d791cdd57a9b8e992bdec78b4f505863 installed
perl-overloading-0:0.02-502.fc39.noarch 1701337663 4959 3500c664b9206e3478cca78b32eb9da1 installed
perl-Pod-Usage-4:2.03-500.fc39.noarch 1689902227 86712 468da2873f8343b56ccb9afe7289a8a5 installed
perl-MIME-Base64-3.16-500.fc39.x86_64 1689895407 47085 6cdd1aee8c63e15417bc64ecf603a055 installed
perl-Scalar-List-Utils-5:1.63-500.fc39.x86_64 1689903451 148863 d0e624d93bc1d86f2f814f9a350046c3 installed
perl-constant-1.33-501.fc39.noarch 1689911370 26840 07c9b2fea364927a3b511eb56d54556d installed
perl-parent-1:0.241-500.fc39.noarch 1689911722 9960 575f653d4e920e6842b9170f2a53464b installed
perl-Errno-0:1.37-502.fc39.x86_64 1701337670 8552 a0b699b30173a14ab62fc1d172e121f0 installed
perl-File-Basename-0:2.86-502.fc39.noarch 1701337663 14339 fe95a71fe49e12bfa7088c86de121ba7 installed
perl-Getopt-Std-0:1.13-502.fc39.noarch 1701337663 11351 65ac741af3e432a8aa9dbf7dc81949e0 installed
perl-Storable-1:3.32-500.fc39.x86_64 1689904231 237834 8e4388d9a7f2fc4a01209c23a35f0ed3 installed
perl-overload-0:1.37-502.fc39.noarch 1701337663 73250 f51aebaac722125485a6323cd5d43bb7 installed
perl-vars-0:1.05-502.fc39.noarch 1701337663 3958 6f78d812594fdab3597d3e46ae09c491 installed
perl-Getopt-Long-1:2.54-500.fc39.noarch 1689891063 141333 f556c37aeea066407c318a908a34ac5e installed
perl-Carp-1.54-500.fc39.noarch 1689882982 47653 8263413f161ec51016f915e0a13efe28 installed
perl-Exporter-5.77-500.fc39.noarch 1689889199 55220 0671603d9b77ed7677a253ca62a726e8 installed
perl-PathTools-3.89-500.fc39.x86_64 1689901326 179740 05541fcf08f32d4e4a161760567ecd0c installed
perl-DynaLoader-0:1.54-502.fc39.x86_64 1701337670 32838 c2882cbb7419a242e50de9da1b0f6363 installed
perl-Encode-4:3.19-500.fc39.x86_64 1689888809 10233982 f3b10bd6310271f6e65a1fe49f726249 installed
perl-libs-4:5.38.2-502.fc39.x86_64 1701337670 10462034 acdac612d0e42f3a45df2523846827de installed
perl-interpreter-4:5.38.2-502.fc39.x86_64 1701337670 122530 1cb75fbf34c71381ff539ee80c688d82 installed
perl-threads-1:2.36-500.fc39.x86_64 1689912006 121866 b6619ad7260c23707a92a2ea86d0d5e5 installed
perl-File-Copy-0:2.41-502.fc39.noarch 1701337663 20087 c2e1d49ad76af7a8817a11fc2be4b07f installed
perl-File-Find-0:1.43-502.fc39.noarch 1701337663 42900 46cf3a471e87a640e2956b3bbdda4294 installed
perl-threads-shared-1.68-500.fc39.x86_64 1689911994 85621 c60f8ff256ef9d0ae2d0fc3f9693f185 installed
perl-Thread-Queue-3.14-500.fc39.noarch 1689908608 29533 19e11c73226ca5129be4c573739d3cbf installed
perl-XML-Parser-2.46-15.fc39.x86_64 1689910698 659331 6459c8f9d6261b76612a861a841e630e installed
perl-File-Compare-0:1.100.700-502.fc39.noarch 1701337663 5618 dca071af45fe1db354f465510f746c03 installed
autoconf-2.71-6.fc39.noarch 1689776303 2538891 ff8feb9e342b0f62b0cbd4ba9353e89e installed
automake-1.16.5-13.fc39.noarch 1689776514 1826987 9d85d6c2906e6ecbc7443c0dfe3e2e14 installed
mpdecimal-2.5.1-7.fc39.x86_64 1689869180 205655 a065d200b7f95baa5f0495ad4f594cca installed
libwebp-1.3.2-2.fc39.x86_64 1695927553 802330 2129543732d0379e6775453cf52ef0b0 installed
libusb1-1.0.26-3.fc39.x86_64 1689856387 168966 fd5255a32bd4de48a549d3362663b3f1 installed
libgusb-0.4.8-1.fc39.x86_64 1699365147 165915 384491bc3f8ab444b14ea085cee484f5 installed
libtool-ltdl-2.4.7-7.fc39.x86_64 1689856085 67680 85f9d558d2e94b2016f2cc23e9ce88ce installed
libstemmer-2.2.0-7.fc39.x86_64 1689991915 859956 6337ed91b7d65be1258d67760c5e267a installed
libtracker-sparql-3.6.0-1.fc39.x86_64 1695120262 1223118 94539f8ad2b4f35076889d4607bc4010 installed
libsepol-devel-3.5-2.fc39.x86_64 1689855221 122687 32a6a17cbe26259390db28c3236b9645 installed
libselinux-devel-3.5-5.fc39.x86_64 1689855185 129020 9bb7e12e306910ed7f95918dda738d5c installed
libmount-devel-2.39.3-4.fc39.x86_64 1706185013 38362 6ca677128f748904b4127a101ec78438 installed
liblerc-4.0.0-4.fc39.x86_64 1689852386 605517 f7b076b05c85e4e3d8148e038f9a8b2a installed
libglvnd-core-devel-1:1.7.0-1.fc39.x86_64 1695282795 41220 2d76da9f4885e7a6710318329b7c53fc installed
libb2-0.98.1-9.fc39.x86_64 1689848967 43078 d3315f5f82baca7ace180b718069c3da installed
python3-3.12.1-2.fc39.x86_64 1702978634 32550 be976485a082f8fc580a72ef7b463b84 installed
python3-libs-3.12.1-2.fc39.x86_64 1702978634 43698866 35a5abaea6c721bf75e41cb56292cbb2 installed
python3-setuptools-67.7.2-7.fc39.noarch 1694458263 7360461 5ff29b80637f45a7b6a9d7f3a5379ecc installed
glib2-devel-2.78.3-1.fc39.x86_64 1701906948 3830024 e12fd60dfe5f31ae1c1cf0a62a76b85a installed
ninja-build-1.11.1-4.fc39.x86_64 1689871864 429729 32b22875d60a50ac8db12e070cfcc321 installed
libX11-common-1.8.7-1.fc39.noarch 1696379159 1202946 59fed39e7445e3f6655554ae8a934c3c installed
libX11-1.8.7-1.fc39.x86_64 1696379161 1352012 49f3c69702e83257f9f53357a7ef3111 installed
libX11-devel-1.8.7-1.fc39.x86_64 1696379161 1045651 de333a10996c7192537d2bf27d35b9f3 installed
libXext-1.3.5-3.fc39.x86_64 1689848399 92133 6dc2d75b7be5936a0196e1c9cb8ebf05 installed
libXext-devel-1.3.5-3.fc39.x86_64 1689848399 101131 3bdfa812a8a3c8d67de10740279c17a0 installed
libXrender-0.9.11-3.fc39.x86_64 1689848496 47143 aad05c77815444a04289daf0808c1db6 installed
cairo-1.18.0-1.fc39.x86_64 1695838500 1831002 8b04146944e6fb30c18375be3e96c9af installed
harfbuzz-8.2.1-2.fc39.x86_64 1696038572 2601628 9c46e66715bf2b77bcc5c2b3779914dd installed
freetype-2.13.1-2.fc39.x86_64 1689798574 891399 c094cc384ad5ac505a5fe655ebb13b34 installed
fontconfig-2.14.2-5.fc39.x86_64 1692263356 876916 c56f358033b82a541ca2dcdf0afedd9a installed
libXrender-devel-0.9.11-3.fc39.x86_64 1689848496 51308 722a8ede6cf024e4dee545938bf513a1 installed
libXfixes-6.0.0-6.fc39.x86_64 1689848469 30914 21f1fc2f1ada25cacd46ad48ea456161 installed
libXfixes-devel-6.0.0-6.fc39.x86_64 1689848469 9450 708f0fecceb8d6a8f7545c0c62063100 installed
libXi-1.8.1-2.fc39.x86_64 1689848466 82565 95d8811a7adebb12fb75a414a66a316d installed
libXi-devel-1.8.1-2.fc39.x86_64 1689848466 135744 9c65313d53598126b89a68b12b689c88 installed
libXtst-1.2.4-3.fc39.x86_64 1689848534 34288 056d07865b12a905f31ccc3f03f0c981 installed
libXcursor-1.2.1-4.fc39.x86_64 1689848315 50576 d1cc7906b9da5ce81995fa12d9c3b80b installed
libXdamage-1.1.5-10.fc39.x86_64 1689848296 36963 5fa886db86b453049a3b64101880f75c installed
libXft-2.3.8-3.fc39.x86_64 1689848410 168317 599e38f5a83e7cb28b11f6b214ef4492 installed
pango-1.51.0-1.fc39.x86_64 1691788207 1025848 6ac569c843cc3cd3c6d1dbf5bdd31ae7 installed
cairo-gobject-1.18.0-1.fc39.x86_64 1695838500 44448 b534d844356e1d02d9fadc4457c3b0d2 installed
libXrandr-1.5.4-1.fc39.x86_64 1696469202 53340 629589e556e62f26b8480f355f0514f0 installed
libXinerama-1.1.5-3.fc39.x86_64 1689848526 19421 e2a4a6878df43280e3df4e90d8e37012 installed
libXcomposite-0.4.5-10.fc39.x86_64 1689848256 42165 2459a8c6090a8af465f7eaebbce462fa installed
libXcomposite-devel-0.4.5-10.fc39.x86_64 1689848256 8059 3f63150ac8e4cae435cf06991a0f3872 installed
libXinerama-devel-1.1.5-3.fc39.x86_64 1689848526 7218 f338845d385f2945771432dae6c87419 installed
libXrandr-devel-1.5.4-1.fc39.x86_64 1696469202 22330 fc62fb855e347bfeeac1a27fe14b190a installed
libXdamage-devel-1.1.5-10.fc39.x86_64 1689848296 2582 d0745ff07f110435fede9db162dc158e installed
libXcursor-devel-1.2.1-4.fc39.x86_64 1689848315 23033 97753d62171b67591301c1f773907045 installed
libXtst-devel-1.2.4-3.fc39.x86_64 1689848534 11860 69ae62631dfed30681aad3bee8ccdadf installed
harfbuzz-icu-8.2.1-2.fc39.x86_64 1696038572 16094 6f5fef4d503bbb1d57a64b92b0f599bc installed
libXxf86vm-1.1.5-3.fc39.x86_64 1689848590 25867 ae44a247878731c15ff07e90e0c80b1f installed
libglvnd-glx-1:1.7.0-1.fc39.x86_64 1695282795 701750 9a8470c8d096a2ac0021bc6351c2b0a0 installed
mesa-libGL-23.3.4-1.fc39.x86_64 1706533986 472929 a42c5c63b0e5fb656406f2267a8b8031 installed
libglvnd-devel-1:1.7.0-1.fc39.x86_64 1695282795 2217744 bac7fa5306d7f5221df69025d4b39a94 installed
libepoxy-devel-1.5.10-4.fc39.x86_64 1689850433 1665113 9163f3160b7dbe0bf5cb71a0fbda7972 installed
xprop-1.2.5-4.fc39.x86_64 1690054575 60159 3837b8435a3aa771875ce1a6cebc50b6 installed
lcms2-2.15-2.fc39.x86_64 1689847672 429893 cfb834848700582598df63b9475adef0 installed
colord-libs-1.4.6-6.fc39.x86_64 1692346462 871272 887f2e4ce3cb8c5d5f572a91bdd73803 installed
kmod-libs-30-6.fc39.x86_64 1689845443 142486 aa9d4f68d5263054f3d337acc6413f3d installed
jbigkit-libs-2.1-26.fc39.x86_64 1689840539 120255 a395b0e4dcc96dab063e281ba528fbe7 installed
libtiff-4.4.0-8.fc39.x86_64 1693234818 582929 dc3eaef5b4b8c70e755fcaa8c0af449f installed
gdk-pixbuf2-modules-2.42.10-5.fc39.x86_64 1689954098 261377 da47f57e96604f2bbc5fe6ddc279306d installed
libtiff-devel-4.4.0-8.fc39.x86_64 1693234818 1755372 7baf9ece9e14de116878f1f34bed3821 installed
gdk-pixbuf2-devel-2.42.10-5.fc39.x86_64 1689954098 2333088 c4e1ce53414d2adfcb1d410798b4e06e installed
hicolor-icon-theme-0.17-16.fc39.noarch 1689834404 73932 dd59f2699837a6ba613d17db8d85b70b installed
gettext-envsubst-0.22-2.fc39.x86_64 1689801333 76619 e124df35f28a90341c5b2cbf23950fc6 installed
gettext-runtime-0.22-2.fc39.x86_64 1689801333 473807 da50ef3ba91a2c090853af0ebd47cc4b installed
gettext-0.22-2.fc39.x86_64 1689801333 5291575 69cfaf2a25babe7635e2a123984cbc53 installed
gettext-common-devel-0.22-2.fc39.noarch 1689801391 410368 83abbd549e9e89cfc14b3f930ffab72a installed
gettext-devel-0.22-2.fc39.x86_64 1689801333 1014652 ca76f13673c75c020a95a2a05d6cf4b9 installed
gc-8.2.2-4.fc39.x86_64 1689800213 264584 8a3cfb65c0203c779a7f0251c1c4a839 installed
guile22-2.2.7-9.fc39.x86_64 1689833385 45861537 d30c28b948a6d6e7a83d7a146933504a installed
make-1:4.4.1-2.fc39.x86_64 1689860946 1888591 fbf324b1052be5e0050cdcba3adfd042 installed
gcc-13.2.1-6.fc39.x86_64 1701798284 99301764 5b8d21364fdd672dc4041642243ad43b installed
dbus-common-1:1.14.10-1.fc39.noarch 1693766977 11504 d9a674a1058743f3b32b85dedbffe631 installed
dbus-broker-35-2.fc39.x86_64 1703171754 408256 cc2ddb01a83582c1dd5381a755d534c3 installed
dbus-1:1.14.10-1.fc39.x86_64 1693766975 0 d42f688c9d1c8947e900b5fed334fb70 installed
at-spi2-core-2.50.1-1.fc39.x86_64 1704979752 1556876 be19c073dc914c30aaa7ab8b5789217f installed
atk-2.50.1-1.fc39.x86_64 1704979752 269902 d27786cd1d89197a2d83a593bd5f7e66 installed
at-spi2-atk-2.50.1-1.fc39.x86_64 1704979752 290351 68d74c41b404d7a43aed9dd8c5a2ddf8 installed
atk-devel-2.50.1-1.fc39.x86_64 1704979752 6056881 9ef52693bba96329588183b40a01284e installed
at-spi2-core-devel-2.50.1-1.fc39.x86_64 1704979752 3947265 4308a2094b2fb0baa8f39f92cf9261eb installed
at-spi2-atk-devel-2.50.1-1.fc39.x86_64 1704979752 1644 97cd9a71b8b7507166b6c0925d2add54 installed
systemd-pam-254.8-2.fc39.x86_64 1705942442 1065377 7b38c40f2bcc6121611a1c2d0dab1bf8 installed
systemd-254.8-2.fc39.x86_64 1705942442 14831689 0aaa46351e42e8737352c2a24c69da4e installed
bzip2-devel-1.0.8-16.fc39.x86_64 1689859568 317215 acb7656639bda633e3b143fdca9be631 installed
brotli-1.1.0-1.fc39.x86_64 1694795190 32474 fa65aa5d8a616e67bc8b63df09f2bd1e installed
brotli-devel-1.1.0-1.fc39.x86_64 1694795190 67168 4927d33a78c5b31ad602a46768870402 installed
freetype-devel-2.13.1-2.fc39.x86_64 1689798574 8193998 81390fc5b6b50763b471d16b951f8fed installed
harfbuzz-devel-8.2.1-2.fc39.x86_64 1696038572 5319049 fb25a2403ad4eed1122c76e2c7ac8a8d installed
fontconfig-devel-2.14.2-5.fc39.x86_64 1692263356 119608 ce08236dd49a35e686695407aacdae26 installed
cairo-devel-1.18.0-1.fc39.x86_64 1695838500 2385542 8a8b5005e18bc443a4c36fcd253ffc17 installed
cairo-gobject-devel-1.18.0-1.fc39.x86_64 1695838500 7195 5d7fc50324b20a251c0428ce363ccb4f installed
libXft-devel-2.3.8-3.fc39.x86_64 1689848410 32462 27f93267f0940eb63059a442fec5acd7 installed
pango-devel-1.51.0-1.fc39.x86_64 1691788207 1554672 69e1ea28c3c08c8b7dc58a8bc0fd4f3d installed
adwaita-cursor-theme-45.0-1.fc39.noarch 1695205547 32973089 5e81097f48ef70f4c4a9eb54337b27e3 installed
adwaita-icon-theme-45.0-1.fc39.noarch 1695205547 1256629 c4132f806539e3a1f2de67ce8d840af8 installed
gtk3-3.24.41-1.fc39.x86_64 1706099224 23523990 e2748dc35349fed0dd2aba52d9169eaf installed
gnome-desktop3-44.0-7.fc39.x86_64 1693312938 3144126 49f42848c9a083fe5c7f8f204af1a16e installed
gtk3-devel-3.24.41-1.fc39.x86_64 1706099224 35249474 bca5374e1ef1b881f3729ffe91aff34c installed
gnome-desktop3-devel-44.0-7.fc39.x86_64 1693312938 723051 522629c056d305c589a682be3124e898 installed
annobin-plugin-gcc-12.38-1.fc39.x86_64 1706023455 989803 f00aa28df45f8bae638679939b7102dc installed
gcc-plugin-annobin-13.2.1-6.fc39.x86_64 1701798284 58362 774849d9c192523f77f78bf8a03cbaaa installed
intltool-0.51.0-23.fc39.noarch 1689838907 173161 468c50b99b3a6933f242179522452463 installed
meson-1.3.1-1.fc39.noarch 1704743477 11383042 97f3bd7b1d7cbe589bf1b9a21e7323ec installed
json-glib-devel-1.8.0-1.fc39.x86_64 1694896246 2629397 13e93e73ea3b177f8f8f294819cec1a3 installed
usermode-1.114-8.fc39.x86_64 1690046638 859537 3dbccaa423057b137f7d87fddf6ac476 installed
xmlto-0.0.28-21.fc39.x86_64 1690052976 117127 7eeda5e6d2214d40f125d964570304b8 installed
libSM-devel-1.2.3-13.fc39.x86_64 1689848198 19285 cf62780faa7bdb54cf892e4746e252f5 installed
systemd-rpm-macros-254.8-2.fc39.noarch 1705942448 9482 3028cc17bf02c6aae8539b27b787d3b3 installed
xorg-x11-xtrans-devel-1.4.0-11.fc39.noarch 1690342350 288927 2fd3535b23c03b693cf0759b9a4b2f23 installed
